#
# A fatal error has been detected by the Java Runtime Environment:
#
#  EXCEPTION_ACCESS_VIOLATION (0xc0000005) at pc=0x000000006af4753d, pid=21144, tid=19508
#
# JRE version: OpenJDK Runtime Environment (11.0+28) (build 11+28)
# Java VM: OpenJDK 64-Bit Server VM (11+28, mixed mode, tiered, compressed oops, g1 gc, windows-amd64)
# Problematic frame:
# C  [libNRJavaSerial.dll+0x753d]
#
# No core dump will be written. Minidumps are not enabled by default on client versions of Windows
#
# If you would like to submit a bug report, please visit:
#   http://bugreport.java.com/bugreport/crash.jsp
# The crash happened outside the Java Virtual Machine in native code.
# See problematic frame for where to report the bug.
#

---------------  S U M M A R Y ------------

Command Line: -Dfile.encoding=UTF-8 com.ioc.iotserver.mainclz.TestBt

Host: Intel(R) Core(TM) i7-8750H CPU @ 2.20GHz, 12 cores, 15G,  Windows 10 , 64 bit Build 19041 (10.0.19041.662)
Time: Mon Jan 11 18:28:17 2021 China Standard Time elapsed time: 1 seconds (0d 0h 0m 1s)

---------------  T H R E A D  ---------------

Current thread (0x000001add2079800):  JavaThread "BlueGigaBLEHandler" daemon [_thread_in_native, id=19508, stack(0x0000008c5bf00000,0x0000008c5c000000)]

Stack: [0x0000008c5bf00000,0x0000008c5c000000],  sp=0x0000008c5bffef70,  free space=1019k
Native frames: (J=compiled Java code, j=interpreted, Vv=VM code, C=native code)
C  [libNRJavaSerial.dll+0x753d]

Java frames: (J=compiled Java code, j=interpreted, Vv=VM code)
j  gnu.io.RXTXPort.readByte()I+0
j  gnu.io.RXTXPort$SerialInputStream.read()I+61
j  com.zsmartsystems.bluetooth.bluegiga.BlueGigaSerialHandler$1.run()V+40
v  ~StubRoutines::call_stub

siginfo: EXCEPTION_ACCESS_VIOLATION (0xc0000005), reading address 0x000000005bdfecd8


Register to memory mapping:

RIP=0x000000006af4753d libNRJavaSerial.dll
RAX=0x000000005bdfecd0 is an unknown value
RBX=0x000001add2079b40 points into unknown readable memory
RCX=0x0000000000000001 is an unknown value
RDX=0x0000000000000001 is an unknown value
RSP=0x0000008c5bffef70 is pointing into the stack for thread: 0x000001add2079800
RBP=0x0000000000000001 is an unknown value
RSI=0x000001add2065478 points into unknown readable memory
RDI=0x00000000000007d0 is an unknown value
R8 =0x0000000000000004 is an unknown value
R9 =0x0000000711da40b0 is an oop
gnu.io.RXTXPort 
{0x0000000711da40b0} - klass: 'gnu/io/RXTXPort'
R10=0x0000000000000014 is an unknown value
R11=0x00007fffc05d5dd8 jvm.dll
R12=0x0000000000000001 is an unknown value
R13=0x0000008c5bfff020 is pointing into the stack for thread: 0x000001add2079800
R14=0x00000000000007d0 is an unknown value
R15=0x000001add2079800 is a thread


Registers:
RAX=0x000000005bdfecd0, RBX=0x000001add2079b40, RCX=0x0000000000000001, RDX=0x0000000000000001
RSP=0x0000008c5bffef70, RBP=0x0000000000000001, RSI=0x000001add2065478, RDI=0x00000000000007d0
R8 =0x0000000000000004, R9 =0x0000000711da40b0, R10=0x0000000000000014, R11=0x00007fffc05d5dd8
R12=0x0000000000000001, R13=0x0000008c5bfff020, R14=0x00000000000007d0, R15=0x000001add2079800
RIP=0x000000006af4753d, EFLAGS=0x0000000000010202

Top of Stack: (sp=0x0000008c5bffef70)
0x0000008c5bffef70:   0000008c5bffef88 000001add1523df8
0x0000008c5bffef80:   0000000000000000 00007fffbff5cc9d
0x0000008c5bffef90:   000001add1520040 000001add2079800
0x0000008c5bffefa0:   000001add2079800 000001add2079b40
0x0000008c5bffefb0:   000001add2065478 00000000000007d0
0x0000008c5bffefc0:   0000000000000001 0000000000000000
0x0000008c5bffefd0:   000001add1523df8 0000008c5bfff138
0x0000008c5bffefe0:   000001add2079800 000000006af47701
0x0000008c5bffeff0:   000001add2079b40 000001add2079b40
0x0000008c5bfff000:   000001add2065478 0000008c5bfff138
0x0000008c5bfff010:   000001ad00000001 000001ad000007d0
0x0000008c5bfff020:   000001add24e7900 00007fffbfedae53
0x0000008c5bfff030:   0000008c5bfff530 0000000000010000
0x0000008c5bfff040:   0000000000010000 0000000000010000
0x0000008c5bfff050:   000001add1523e00 000001add2079800
0x0000008c5bfff060:   0000000000000000 000001adb53cef00 

Instructions: (pc=0x000000006af4753d)
0x000000006af4751d:   4d 89 cd 4c 8d 05 f3 8b 00 00 4c 8d 0d ea 8b 00
0x000000006af4752d:   00 e8 fd f6 ff ff 44 8b b4 24 a8 00 00 00 48 98
0x000000006af4753d:   8b 70 08 48 89 44 24 20 c7 40 08 00 00 00 00 45
0x000000006af4754d:   85 f6 89 74 24 2c 0f 88 a9 00 00 00 4c 8b 35 14 



---------------  P R O C E S S  ---------------

Threads class SMR info:
_java_thread_list=0x000001add211efe0, length=16, elements={
0x000001adad0b1800, 0x000001add0d3e000, 0x000001add0d47000, 0x000001add0d5e000,
0x000001add1654800, 0x000001add1655000, 0x000001add165a000, 0x000001add165f800,
0x000001add17ea000, 0x000001add17dc000, 0x000001add2117000, 0x000001add1fd6800,
0x000001add2060800, 0x000001add2070800, 0x000001add2079800, 0x000001add2066800
}

Java Threads: ( => current thread )
  0x000001adad0b1800 JavaThread "main" [_thread_blocked, id=1768, stack(0x0000008c5aa00000,0x0000008c5ab00000)]
  0x000001add0d3e000 JavaThread "Reference Handler" daemon [_thread_blocked, id=7048, stack(0x0000008c5b100000,0x0000008c5b200000)]
  0x000001add0d47000 JavaThread "Finalizer" daemon [_thread_blocked, id=1616, stack(0x0000008c5b200000,0x0000008c5b300000)]
  0x000001add0d5e000 JavaThread "Signal Dispatcher" daemon [_thread_blocked, id=20096, stack(0x0000008c5b300000,0x0000008c5b400000)]
  0x000001add1654800 JavaThread "Attach Listener" daemon [_thread_blocked, id=11780, stack(0x0000008c5b400000,0x0000008c5b500000)]
  0x000001add1655000 JavaThread "C2 CompilerThread0" daemon [_thread_blocked, id=19476, stack(0x0000008c5b500000,0x0000008c5b600000)]
  0x000001add165a000 JavaThread "C1 CompilerThread0" daemon [_thread_blocked, id=17260, stack(0x0000008c5b600000,0x0000008c5b700000)]
  0x000001add165f800 JavaThread "Sweeper thread" daemon [_thread_blocked, id=14272, stack(0x0000008c5b700000,0x0000008c5b800000)]
  0x000001add17ea000 JavaThread "Service Thread" daemon [_thread_blocked, id=9552, stack(0x0000008c5b800000,0x0000008c5b900000)]
  0x000001add17dc000 JavaThread "Common-Cleaner" daemon [_thread_blocked, id=20772, stack(0x0000008c5ba00000,0x0000008c5bb00000)]
  0x000001add2117000 JavaThread "C2 CompilerThread1" daemon [_thread_blocked, id=18604, stack(0x0000008c5bb00000,0x0000008c5bc00000)]
  0x000001add1fd6800 JavaThread "C2 CompilerThread2" daemon [_thread_blocked, id=2840, stack(0x0000008c5bc00000,0x0000008c5bd00000)]
  0x000001add2060800 JavaThread "Thread-0" [_thread_in_native, id=19500, stack(0x0000008c5bd00000,0x0000008c5be00000)]
  0x000001add2070800 JavaThread "Timer-0" [_thread_blocked, id=15396, stack(0x0000008c5be00000,0x0000008c5bf00000)]
=>0x000001add2079800 JavaThread "BlueGigaBLEHandler" daemon [_thread_in_native, id=19508, stack(0x0000008c5bf00000,0x0000008c5c000000)]
  0x000001add2066800 JavaThread "pool-4-thread-1" [_thread_blocked, id=15116, stack(0x0000008c5c000000,0x0000008c5c100000)]

Other Threads:
  0x000001add0d3c000 VMThread "VM Thread" [stack: 0x0000008c5b000000,0x0000008c5b100000] [id=9084]
  0x000001add17ed000 WatcherThread [stack: 0x0000008c5b900000,0x0000008c5ba00000] [id=19480]
  0x000001adad0c9000 GCTaskThread "GC Thread#0" [stack: 0x0000008c5ab00000,0x0000008c5ac00000] [id=16184]
  0x000001adad126800 ConcurrentGCThread "G1 Main Marker" [stack: 0x0000008c5ac00000,0x0000008c5ad00000] [id=20644]
  0x000001adad128000 ConcurrentGCThread "G1 Conc#0" [stack: 0x0000008c5ad00000,0x0000008c5ae00000] [id=768]
  0x000001add0c1e800 ConcurrentGCThread "G1 Refine#0" [stack: 0x0000008c5ae00000,0x0000008c5af00000] [id=5792]
  0x000001add0c22000 ConcurrentGCThread "G1 Young RemSet Sampling" [stack: 0x0000008c5af00000,0x0000008c5b000000] [id=21488]

Threads with active compile tasks:

VM state:not at safepoint (normal execution)

VM Mutex/Monitor currently owned by a thread: None

Heap address: 0x0000000702e00000, size: 4050 MB, Compressed Oops mode: Zero based, Oop shift amount: 3
Narrow klass base: 0x0000000800000000, Narrow klass shift: 0
Compressed class space size: 1073741824 Address: 0x0000000800000000

Heap:
 garbage-first heap   total 260096K, used 15360K [0x0000000702e00000, 0x0000000800000000)
  region size 1024K, 16 young (16384K), 0 survivors (0K)
 Metaspace       used 11006K, capacity 11133K, committed 11392K, reserved 1058816K
  class space    used 1049K, capacity 1092K, committed 1152K, reserved 1048576K
Heap Regions: E=young(eden), S=young(survivor), O=old, HS=humongous(starts), HC=humongous(continues), CS=collection set, F=free, A=archive, TAMS=top-at-mark-start (previous, next)
|   0|0x0000000702e00000, 0x0000000702e00000, 0x0000000702f00000|  0%| F|  |TAMS 0x0000000702e00000, 0x0000000702e00000| Untracked 
|   1|0x0000000702f00000, 0x0000000702f00000, 0x0000000703000000|  0%| F|  |TAMS 0x0000000702f00000, 0x0000000702f00000| Untracked 
|   2|0x0000000703000000, 0x0000000703000000, 0x0000000703100000|  0%| F|  |TAMS 0x0000000703000000, 0x0000000703000000| Untracked 
|   3|0x0000000703100000, 0x0000000703100000, 0x0000000703200000|  0%| F|  |TAMS 0x0000000703100000, 0x0000000703100000| Untracked 
|   4|0x0000000703200000, 0x0000000703200000, 0x0000000703300000|  0%| F|  |TAMS 0x0000000703200000, 0x0000000703200000| Untracked 
|   5|0x0000000703300000, 0x0000000703300000, 0x0000000703400000|  0%| F|  |TAMS 0x0000000703300000, 0x0000000703300000| Untracked 
|   6|0x0000000703400000, 0x0000000703400000, 0x0000000703500000|  0%| F|  |TAMS 0x0000000703400000, 0x0000000703400000| Untracked 
|   7|0x0000000703500000, 0x0000000703500000, 0x0000000703600000|  0%| F|  |TAMS 0x0000000703500000, 0x0000000703500000| Untracked 
|   8|0x0000000703600000, 0x0000000703600000, 0x0000000703700000|  0%| F|  |TAMS 0x0000000703600000, 0x0000000703600000| Untracked 
|   9|0x0000000703700000, 0x0000000703700000, 0x0000000703800000|  0%| F|  |TAMS 0x0000000703700000, 0x0000000703700000| Untracked 
|  10|0x0000000703800000, 0x0000000703800000, 0x0000000703900000|  0%| F|  |TAMS 0x0000000703800000, 0x0000000703800000| Untracked 
|  11|0x0000000703900000, 0x0000000703900000, 0x0000000703a00000|  0%| F|  |TAMS 0x0000000703900000, 0x0000000703900000| Untracked 
|  12|0x0000000703a00000, 0x0000000703a00000, 0x0000000703b00000|  0%| F|  |TAMS 0x0000000703a00000, 0x0000000703a00000| Untracked 
|  13|0x0000000703b00000, 0x0000000703b00000, 0x0000000703c00000|  0%| F|  |TAMS 0x0000000703b00000, 0x0000000703b00000| Untracked 
|  14|0x0000000703c00000, 0x0000000703c00000, 0x0000000703d00000|  0%| F|  |TAMS 0x0000000703c00000, 0x0000000703c00000| Untracked 
|  15|0x0000000703d00000, 0x0000000703d00000, 0x0000000703e00000|  0%| F|  |TAMS 0x0000000703d00000, 0x0000000703d00000| Untracked 
|  16|0x0000000703e00000, 0x0000000703e00000, 0x0000000703f00000|  0%| F|  |TAMS 0x0000000703e00000, 0x0000000703e00000| Untracked 
|  17|0x0000000703f00000, 0x0000000703f00000, 0x0000000704000000|  0%| F|  |TAMS 0x0000000703f00000, 0x0000000703f00000| Untracked 
|  18|0x0000000704000000, 0x0000000704000000, 0x0000000704100000|  0%| F|  |TAMS 0x0000000704000000, 0x0000000704000000| Untracked 
|  19|0x0000000704100000, 0x0000000704100000, 0x0000000704200000|  0%| F|  |TAMS 0x0000000704100000, 0x0000000704100000| Untracked 
|  20|0x0000000704200000, 0x0000000704200000, 0x0000000704300000|  0%| F|  |TAMS 0x0000000704200000, 0x0000000704200000| Untracked 
|  21|0x0000000704300000, 0x0000000704300000, 0x0000000704400000|  0%| F|  |TAMS 0x0000000704300000, 0x0000000704300000| Untracked 
|  22|0x0000000704400000, 0x0000000704400000, 0x0000000704500000|  0%| F|  |TAMS 0x0000000704400000, 0x0000000704400000| Untracked 
|  23|0x0000000704500000, 0x0000000704500000, 0x0000000704600000|  0%| F|  |TAMS 0x0000000704500000, 0x0000000704500000| Untracked 
|  24|0x0000000704600000, 0x0000000704600000, 0x0000000704700000|  0%| F|  |TAMS 0x0000000704600000, 0x0000000704600000| Untracked 
|  25|0x0000000704700000, 0x0000000704700000, 0x0000000704800000|  0%| F|  |TAMS 0x0000000704700000, 0x0000000704700000| Untracked 
|  26|0x0000000704800000, 0x0000000704800000, 0x0000000704900000|  0%| F|  |TAMS 0x0000000704800000, 0x0000000704800000| Untracked 
|  27|0x0000000704900000, 0x0000000704900000, 0x0000000704a00000|  0%| F|  |TAMS 0x0000000704900000, 0x0000000704900000| Untracked 
|  28|0x0000000704a00000, 0x0000000704a00000, 0x0000000704b00000|  0%| F|  |TAMS 0x0000000704a00000, 0x0000000704a00000| Untracked 
|  29|0x0000000704b00000, 0x0000000704b00000, 0x0000000704c00000|  0%| F|  |TAMS 0x0000000704b00000, 0x0000000704b00000| Untracked 
|  30|0x0000000704c00000, 0x0000000704c00000, 0x0000000704d00000|  0%| F|  |TAMS 0x0000000704c00000, 0x0000000704c00000| Untracked 
|  31|0x0000000704d00000, 0x0000000704d00000, 0x0000000704e00000|  0%| F|  |TAMS 0x0000000704d00000, 0x0000000704d00000| Untracked 
|  32|0x0000000704e00000, 0x0000000704e00000, 0x0000000704f00000|  0%| F|  |TAMS 0x0000000704e00000, 0x0000000704e00000| Untracked 
|  33|0x0000000704f00000, 0x0000000704f00000, 0x0000000705000000|  0%| F|  |TAMS 0x0000000704f00000, 0x0000000704f00000| Untracked 
|  34|0x0000000705000000, 0x0000000705000000, 0x0000000705100000|  0%| F|  |TAMS 0x0000000705000000, 0x0000000705000000| Untracked 
|  35|0x0000000705100000, 0x0000000705100000, 0x0000000705200000|  0%| F|  |TAMS 0x0000000705100000, 0x0000000705100000| Untracked 
|  36|0x0000000705200000, 0x0000000705200000, 0x0000000705300000|  0%| F|  |TAMS 0x0000000705200000, 0x0000000705200000| Untracked 
|  37|0x0000000705300000, 0x0000000705300000, 0x0000000705400000|  0%| F|  |TAMS 0x0000000705300000, 0x0000000705300000| Untracked 
|  38|0x0000000705400000, 0x0000000705400000, 0x0000000705500000|  0%| F|  |TAMS 0x0000000705400000, 0x0000000705400000| Untracked 
|  39|0x0000000705500000, 0x0000000705500000, 0x0000000705600000|  0%| F|  |TAMS 0x0000000705500000, 0x0000000705500000| Untracked 
|  40|0x0000000705600000, 0x0000000705600000, 0x0000000705700000|  0%| F|  |TAMS 0x0000000705600000, 0x0000000705600000| Untracked 
|  41|0x0000000705700000, 0x0000000705700000, 0x0000000705800000|  0%| F|  |TAMS 0x0000000705700000, 0x0000000705700000| Untracked 
|  42|0x0000000705800000, 0x0000000705800000, 0x0000000705900000|  0%| F|  |TAMS 0x0000000705800000, 0x0000000705800000| Untracked 
|  43|0x0000000705900000, 0x0000000705900000, 0x0000000705a00000|  0%| F|  |TAMS 0x0000000705900000, 0x0000000705900000| Untracked 
|  44|0x0000000705a00000, 0x0000000705a00000, 0x0000000705b00000|  0%| F|  |TAMS 0x0000000705a00000, 0x0000000705a00000| Untracked 
|  45|0x0000000705b00000, 0x0000000705b00000, 0x0000000705c00000|  0%| F|  |TAMS 0x0000000705b00000, 0x0000000705b00000| Untracked 
|  46|0x0000000705c00000, 0x0000000705c00000, 0x0000000705d00000|  0%| F|  |TAMS 0x0000000705c00000, 0x0000000705c00000| Untracked 
|  47|0x0000000705d00000, 0x0000000705d00000, 0x0000000705e00000|  0%| F|  |TAMS 0x0000000705d00000, 0x0000000705d00000| Untracked 
|  48|0x0000000705e00000, 0x0000000705e00000, 0x0000000705f00000|  0%| F|  |TAMS 0x0000000705e00000, 0x0000000705e00000| Untracked 
|  49|0x0000000705f00000, 0x0000000705f00000, 0x0000000706000000|  0%| F|  |TAMS 0x0000000705f00000, 0x0000000705f00000| Untracked 
|  50|0x0000000706000000, 0x0000000706000000, 0x0000000706100000|  0%| F|  |TAMS 0x0000000706000000, 0x0000000706000000| Untracked 
|  51|0x0000000706100000, 0x0000000706100000, 0x0000000706200000|  0%| F|  |TAMS 0x0000000706100000, 0x0000000706100000| Untracked 
|  52|0x0000000706200000, 0x0000000706200000, 0x0000000706300000|  0%| F|  |TAMS 0x0000000706200000, 0x0000000706200000| Untracked 
|  53|0x0000000706300000, 0x0000000706300000, 0x0000000706400000|  0%| F|  |TAMS 0x0000000706300000, 0x0000000706300000| Untracked 
|  54|0x0000000706400000, 0x0000000706400000, 0x0000000706500000|  0%| F|  |TAMS 0x0000000706400000, 0x0000000706400000| Untracked 
|  55|0x0000000706500000, 0x0000000706500000, 0x0000000706600000|  0%| F|  |TAMS 0x0000000706500000, 0x0000000706500000| Untracked 
|  56|0x0000000706600000, 0x0000000706600000, 0x0000000706700000|  0%| F|  |TAMS 0x0000000706600000, 0x0000000706600000| Untracked 
|  57|0x0000000706700000, 0x0000000706700000, 0x0000000706800000|  0%| F|  |TAMS 0x0000000706700000, 0x0000000706700000| Untracked 
|  58|0x0000000706800000, 0x0000000706800000, 0x0000000706900000|  0%| F|  |TAMS 0x0000000706800000, 0x0000000706800000| Untracked 
|  59|0x0000000706900000, 0x0000000706900000, 0x0000000706a00000|  0%| F|  |TAMS 0x0000000706900000, 0x0000000706900000| Untracked 
|  60|0x0000000706a00000, 0x0000000706a00000, 0x0000000706b00000|  0%| F|  |TAMS 0x0000000706a00000, 0x0000000706a00000| Untracked 
|  61|0x0000000706b00000, 0x0000000706b00000, 0x0000000706c00000|  0%| F|  |TAMS 0x0000000706b00000, 0x0000000706b00000| Untracked 
|  62|0x0000000706c00000, 0x0000000706c00000, 0x0000000706d00000|  0%| F|  |TAMS 0x0000000706c00000, 0x0000000706c00000| Untracked 
|  63|0x0000000706d00000, 0x0000000706d00000, 0x0000000706e00000|  0%| F|  |TAMS 0x0000000706d00000, 0x0000000706d00000| Untracked 
|  64|0x0000000706e00000, 0x0000000706e00000, 0x0000000706f00000|  0%| F|  |TAMS 0x0000000706e00000, 0x0000000706e00000| Untracked 
|  65|0x0000000706f00000, 0x0000000706f00000, 0x0000000707000000|  0%| F|  |TAMS 0x0000000706f00000, 0x0000000706f00000| Untracked 
|  66|0x0000000707000000, 0x0000000707000000, 0x0000000707100000|  0%| F|  |TAMS 0x0000000707000000, 0x0000000707000000| Untracked 
|  67|0x0000000707100000, 0x0000000707100000, 0x0000000707200000|  0%| F|  |TAMS 0x0000000707100000, 0x0000000707100000| Untracked 
|  68|0x0000000707200000, 0x0000000707200000, 0x0000000707300000|  0%| F|  |TAMS 0x0000000707200000, 0x0000000707200000| Untracked 
|  69|0x0000000707300000, 0x0000000707300000, 0x0000000707400000|  0%| F|  |TAMS 0x0000000707300000, 0x0000000707300000| Untracked 
|  70|0x0000000707400000, 0x0000000707400000, 0x0000000707500000|  0%| F|  |TAMS 0x0000000707400000, 0x0000000707400000| Untracked 
|  71|0x0000000707500000, 0x0000000707500000, 0x0000000707600000|  0%| F|  |TAMS 0x0000000707500000, 0x0000000707500000| Untracked 
|  72|0x0000000707600000, 0x0000000707600000, 0x0000000707700000|  0%| F|  |TAMS 0x0000000707600000, 0x0000000707600000| Untracked 
|  73|0x0000000707700000, 0x0000000707700000, 0x0000000707800000|  0%| F|  |TAMS 0x0000000707700000, 0x0000000707700000| Untracked 
|  74|0x0000000707800000, 0x0000000707800000, 0x0000000707900000|  0%| F|  |TAMS 0x0000000707800000, 0x0000000707800000| Untracked 
|  75|0x0000000707900000, 0x0000000707900000, 0x0000000707a00000|  0%| F|  |TAMS 0x0000000707900000, 0x0000000707900000| Untracked 
|  76|0x0000000707a00000, 0x0000000707a00000, 0x0000000707b00000|  0%| F|  |TAMS 0x0000000707a00000, 0x0000000707a00000| Untracked 
|  77|0x0000000707b00000, 0x0000000707b00000, 0x0000000707c00000|  0%| F|  |TAMS 0x0000000707b00000, 0x0000000707b00000| Untracked 
|  78|0x0000000707c00000, 0x0000000707c00000, 0x0000000707d00000|  0%| F|  |TAMS 0x0000000707c00000, 0x0000000707c00000| Untracked 
|  79|0x0000000707d00000, 0x0000000707d00000, 0x0000000707e00000|  0%| F|  |TAMS 0x0000000707d00000, 0x0000000707d00000| Untracked 
|  80|0x0000000707e00000, 0x0000000707e00000, 0x0000000707f00000|  0%| F|  |TAMS 0x0000000707e00000, 0x0000000707e00000| Untracked 
|  81|0x0000000707f00000, 0x0000000707f00000, 0x0000000708000000|  0%| F|  |TAMS 0x0000000707f00000, 0x0000000707f00000| Untracked 
|  82|0x0000000708000000, 0x0000000708000000, 0x0000000708100000|  0%| F|  |TAMS 0x0000000708000000, 0x0000000708000000| Untracked 
|  83|0x0000000708100000, 0x0000000708100000, 0x0000000708200000|  0%| F|  |TAMS 0x0000000708100000, 0x0000000708100000| Untracked 
|  84|0x0000000708200000, 0x0000000708200000, 0x0000000708300000|  0%| F|  |TAMS 0x0000000708200000, 0x0000000708200000| Untracked 
|  85|0x0000000708300000, 0x0000000708300000, 0x0000000708400000|  0%| F|  |TAMS 0x0000000708300000, 0x0000000708300000| Untracked 
|  86|0x0000000708400000, 0x0000000708400000, 0x0000000708500000|  0%| F|  |TAMS 0x0000000708400000, 0x0000000708400000| Untracked 
|  87|0x0000000708500000, 0x0000000708500000, 0x0000000708600000|  0%| F|  |TAMS 0x0000000708500000, 0x0000000708500000| Untracked 
|  88|0x0000000708600000, 0x0000000708600000, 0x0000000708700000|  0%| F|  |TAMS 0x0000000708600000, 0x0000000708600000| Untracked 
|  89|0x0000000708700000, 0x0000000708700000, 0x0000000708800000|  0%| F|  |TAMS 0x0000000708700000, 0x0000000708700000| Untracked 
|  90|0x0000000708800000, 0x0000000708800000, 0x0000000708900000|  0%| F|  |TAMS 0x0000000708800000, 0x0000000708800000| Untracked 
|  91|0x0000000708900000, 0x0000000708900000, 0x0000000708a00000|  0%| F|  |TAMS 0x0000000708900000, 0x0000000708900000| Untracked 
|  92|0x0000000708a00000, 0x0000000708a00000, 0x0000000708b00000|  0%| F|  |TAMS 0x0000000708a00000, 0x0000000708a00000| Untracked 
|  93|0x0000000708b00000, 0x0000000708b00000, 0x0000000708c00000|  0%| F|  |TAMS 0x0000000708b00000, 0x0000000708b00000| Untracked 
|  94|0x0000000708c00000, 0x0000000708c00000, 0x0000000708d00000|  0%| F|  |TAMS 0x0000000708c00000, 0x0000000708c00000| Untracked 
|  95|0x0000000708d00000, 0x0000000708d00000, 0x0000000708e00000|  0%| F|  |TAMS 0x0000000708d00000, 0x0000000708d00000| Untracked 
|  96|0x0000000708e00000, 0x0000000708e00000, 0x0000000708f00000|  0%| F|  |TAMS 0x0000000708e00000, 0x0000000708e00000| Untracked 
|  97|0x0000000708f00000, 0x0000000708f00000, 0x0000000709000000|  0%| F|  |TAMS 0x0000000708f00000, 0x0000000708f00000| Untracked 
|  98|0x0000000709000000, 0x0000000709000000, 0x0000000709100000|  0%| F|  |TAMS 0x0000000709000000, 0x0000000709000000| Untracked 
|  99|0x0000000709100000, 0x0000000709100000, 0x0000000709200000|  0%| F|  |TAMS 0x0000000709100000, 0x0000000709100000| Untracked 
| 100|0x0000000709200000, 0x0000000709200000, 0x0000000709300000|  0%| F|  |TAMS 0x0000000709200000, 0x0000000709200000| Untracked 
| 101|0x0000000709300000, 0x0000000709300000, 0x0000000709400000|  0%| F|  |TAMS 0x0000000709300000, 0x0000000709300000| Untracked 
| 102|0x0000000709400000, 0x0000000709400000, 0x0000000709500000|  0%| F|  |TAMS 0x0000000709400000, 0x0000000709400000| Untracked 
| 103|0x0000000709500000, 0x0000000709500000, 0x0000000709600000|  0%| F|  |TAMS 0x0000000709500000, 0x0000000709500000| Untracked 
| 104|0x0000000709600000, 0x0000000709600000, 0x0000000709700000|  0%| F|  |TAMS 0x0000000709600000, 0x0000000709600000| Untracked 
| 105|0x0000000709700000, 0x0000000709700000, 0x0000000709800000|  0%| F|  |TAMS 0x0000000709700000, 0x0000000709700000| Untracked 
| 106|0x0000000709800000, 0x0000000709800000, 0x0000000709900000|  0%| F|  |TAMS 0x0000000709800000, 0x0000000709800000| Untracked 
| 107|0x0000000709900000, 0x0000000709900000, 0x0000000709a00000|  0%| F|  |TAMS 0x0000000709900000, 0x0000000709900000| Untracked 
| 108|0x0000000709a00000, 0x0000000709a00000, 0x0000000709b00000|  0%| F|  |TAMS 0x0000000709a00000, 0x0000000709a00000| Untracked 
| 109|0x0000000709b00000, 0x0000000709b00000, 0x0000000709c00000|  0%| F|  |TAMS 0x0000000709b00000, 0x0000000709b00000| Untracked 
| 110|0x0000000709c00000, 0x0000000709c00000, 0x0000000709d00000|  0%| F|  |TAMS 0x0000000709c00000, 0x0000000709c00000| Untracked 
| 111|0x0000000709d00000, 0x0000000709d00000, 0x0000000709e00000|  0%| F|  |TAMS 0x0000000709d00000, 0x0000000709d00000| Untracked 
| 112|0x0000000709e00000, 0x0000000709e00000, 0x0000000709f00000|  0%| F|  |TAMS 0x0000000709e00000, 0x0000000709e00000| Untracked 
| 113|0x0000000709f00000, 0x0000000709f00000, 0x000000070a000000|  0%| F|  |TAMS 0x0000000709f00000, 0x0000000709f00000| Untracked 
| 114|0x000000070a000000, 0x000000070a000000, 0x000000070a100000|  0%| F|  |TAMS 0x000000070a000000, 0x000000070a000000| Untracked 
| 115|0x000000070a100000, 0x000000070a100000, 0x000000070a200000|  0%| F|  |TAMS 0x000000070a100000, 0x000000070a100000| Untracked 
| 116|0x000000070a200000, 0x000000070a200000, 0x000000070a300000|  0%| F|  |TAMS 0x000000070a200000, 0x000000070a200000| Untracked 
| 117|0x000000070a300000, 0x000000070a300000, 0x000000070a400000|  0%| F|  |TAMS 0x000000070a300000, 0x000000070a300000| Untracked 
| 118|0x000000070a400000, 0x000000070a400000, 0x000000070a500000|  0%| F|  |TAMS 0x000000070a400000, 0x000000070a400000| Untracked 
| 119|0x000000070a500000, 0x000000070a500000, 0x000000070a600000|  0%| F|  |TAMS 0x000000070a500000, 0x000000070a500000| Untracked 
| 120|0x000000070a600000, 0x000000070a600000, 0x000000070a700000|  0%| F|  |TAMS 0x000000070a600000, 0x000000070a600000| Untracked 
| 121|0x000000070a700000, 0x000000070a700000, 0x000000070a800000|  0%| F|  |TAMS 0x000000070a700000, 0x000000070a700000| Untracked 
| 122|0x000000070a800000, 0x000000070a800000, 0x000000070a900000|  0%| F|  |TAMS 0x000000070a800000, 0x000000070a800000| Untracked 
| 123|0x000000070a900000, 0x000000070a900000, 0x000000070aa00000|  0%| F|  |TAMS 0x000000070a900000, 0x000000070a900000| Untracked 
| 124|0x000000070aa00000, 0x000000070aa00000, 0x000000070ab00000|  0%| F|  |TAMS 0x000000070aa00000, 0x000000070aa00000| Untracked 
| 125|0x000000070ab00000, 0x000000070ab00000, 0x000000070ac00000|  0%| F|  |TAMS 0x000000070ab00000, 0x000000070ab00000| Untracked 
| 126|0x000000070ac00000, 0x000000070ac00000, 0x000000070ad00000|  0%| F|  |TAMS 0x000000070ac00000, 0x000000070ac00000| Untracked 
| 127|0x000000070ad00000, 0x000000070ad00000, 0x000000070ae00000|  0%| F|  |TAMS 0x000000070ad00000, 0x000000070ad00000| Untracked 
| 128|0x000000070ae00000, 0x000000070ae00000, 0x000000070af00000|  0%| F|  |TAMS 0x000000070ae00000, 0x000000070ae00000| Untracked 
| 129|0x000000070af00000, 0x000000070af00000, 0x000000070b000000|  0%| F|  |TAMS 0x000000070af00000, 0x000000070af00000| Untracked 
| 130|0x000000070b000000, 0x000000070b000000, 0x000000070b100000|  0%| F|  |TAMS 0x000000070b000000, 0x000000070b000000| Untracked 
| 131|0x000000070b100000, 0x000000070b100000, 0x000000070b200000|  0%| F|  |TAMS 0x000000070b100000, 0x000000070b100000| Untracked 
| 132|0x000000070b200000, 0x000000070b200000, 0x000000070b300000|  0%| F|  |TAMS 0x000000070b200000, 0x000000070b200000| Untracked 
| 133|0x000000070b300000, 0x000000070b300000, 0x000000070b400000|  0%| F|  |TAMS 0x000000070b300000, 0x000000070b300000| Untracked 
| 134|0x000000070b400000, 0x000000070b400000, 0x000000070b500000|  0%| F|  |TAMS 0x000000070b400000, 0x000000070b400000| Untracked 
| 135|0x000000070b500000, 0x000000070b500000, 0x000000070b600000|  0%| F|  |TAMS 0x000000070b500000, 0x000000070b500000| Untracked 
| 136|0x000000070b600000, 0x000000070b600000, 0x000000070b700000|  0%| F|  |TAMS 0x000000070b600000, 0x000000070b600000| Untracked 
| 137|0x000000070b700000, 0x000000070b700000, 0x000000070b800000|  0%| F|  |TAMS 0x000000070b700000, 0x000000070b700000| Untracked 
| 138|0x000000070b800000, 0x000000070b800000, 0x000000070b900000|  0%| F|  |TAMS 0x000000070b800000, 0x000000070b800000| Untracked 
| 139|0x000000070b900000, 0x000000070b900000, 0x000000070ba00000|  0%| F|  |TAMS 0x000000070b900000, 0x000000070b900000| Untracked 
| 140|0x000000070ba00000, 0x000000070ba00000, 0x000000070bb00000|  0%| F|  |TAMS 0x000000070ba00000, 0x000000070ba00000| Untracked 
| 141|0x000000070bb00000, 0x000000070bb00000, 0x000000070bc00000|  0%| F|  |TAMS 0x000000070bb00000, 0x000000070bb00000| Untracked 
| 142|0x000000070bc00000, 0x000000070bc00000, 0x000000070bd00000|  0%| F|  |TAMS 0x000000070bc00000, 0x000000070bc00000| Untracked 
| 143|0x000000070bd00000, 0x000000070bd00000, 0x000000070be00000|  0%| F|  |TAMS 0x000000070bd00000, 0x000000070bd00000| Untracked 
| 144|0x000000070be00000, 0x000000070be00000, 0x000000070bf00000|  0%| F|  |TAMS 0x000000070be00000, 0x000000070be00000| Untracked 
| 145|0x000000070bf00000, 0x000000070bf00000, 0x000000070c000000|  0%| F|  |TAMS 0x000000070bf00000, 0x000000070bf00000| Untracked 
| 146|0x000000070c000000, 0x000000070c000000, 0x000000070c100000|  0%| F|  |TAMS 0x000000070c000000, 0x000000070c000000| Untracked 
| 147|0x000000070c100000, 0x000000070c100000, 0x000000070c200000|  0%| F|  |TAMS 0x000000070c100000, 0x000000070c100000| Untracked 
| 148|0x000000070c200000, 0x000000070c200000, 0x000000070c300000|  0%| F|  |TAMS 0x000000070c200000, 0x000000070c200000| Untracked 
| 149|0x000000070c300000, 0x000000070c300000, 0x000000070c400000|  0%| F|  |TAMS 0x000000070c300000, 0x000000070c300000| Untracked 
| 150|0x000000070c400000, 0x000000070c400000, 0x000000070c500000|  0%| F|  |TAMS 0x000000070c400000, 0x000000070c400000| Untracked 
| 151|0x000000070c500000, 0x000000070c500000, 0x000000070c600000|  0%| F|  |TAMS 0x000000070c500000, 0x000000070c500000| Untracked 
| 152|0x000000070c600000, 0x000000070c600000, 0x000000070c700000|  0%| F|  |TAMS 0x000000070c600000, 0x000000070c600000| Untracked 
| 153|0x000000070c700000, 0x000000070c700000, 0x000000070c800000|  0%| F|  |TAMS 0x000000070c700000, 0x000000070c700000| Untracked 
| 154|0x000000070c800000, 0x000000070c800000, 0x000000070c900000|  0%| F|  |TAMS 0x000000070c800000, 0x000000070c800000| Untracked 
| 155|0x000000070c900000, 0x000000070c900000, 0x000000070ca00000|  0%| F|  |TAMS 0x000000070c900000, 0x000000070c900000| Untracked 
| 156|0x000000070ca00000, 0x000000070ca00000, 0x000000070cb00000|  0%| F|  |TAMS 0x000000070ca00000, 0x000000070ca00000| Untracked 
| 157|0x000000070cb00000, 0x000000070cb00000, 0x000000070cc00000|  0%| F|  |TAMS 0x000000070cb00000, 0x000000070cb00000| Untracked 
| 158|0x000000070cc00000, 0x000000070cc00000, 0x000000070cd00000|  0%| F|  |TAMS 0x000000070cc00000, 0x000000070cc00000| Untracked 
| 159|0x000000070cd00000, 0x000000070cd00000, 0x000000070ce00000|  0%| F|  |TAMS 0x000000070cd00000, 0x000000070cd00000| Untracked 
| 160|0x000000070ce00000, 0x000000070ce00000, 0x000000070cf00000|  0%| F|  |TAMS 0x000000070ce00000, 0x000000070ce00000| Untracked 
| 161|0x000000070cf00000, 0x000000070cf00000, 0x000000070d000000|  0%| F|  |TAMS 0x000000070cf00000, 0x000000070cf00000| Untracked 
| 162|0x000000070d000000, 0x000000070d000000, 0x000000070d100000|  0%| F|  |TAMS 0x000000070d000000, 0x000000070d000000| Untracked 
| 163|0x000000070d100000, 0x000000070d100000, 0x000000070d200000|  0%| F|  |TAMS 0x000000070d100000, 0x000000070d100000| Untracked 
| 164|0x000000070d200000, 0x000000070d200000, 0x000000070d300000|  0%| F|  |TAMS 0x000000070d200000, 0x000000070d200000| Untracked 
| 165|0x000000070d300000, 0x000000070d300000, 0x000000070d400000|  0%| F|  |TAMS 0x000000070d300000, 0x000000070d300000| Untracked 
| 166|0x000000070d400000, 0x000000070d400000, 0x000000070d500000|  0%| F|  |TAMS 0x000000070d400000, 0x000000070d400000| Untracked 
| 167|0x000000070d500000, 0x000000070d500000, 0x000000070d600000|  0%| F|  |TAMS 0x000000070d500000, 0x000000070d500000| Untracked 
| 168|0x000000070d600000, 0x000000070d600000, 0x000000070d700000|  0%| F|  |TAMS 0x000000070d600000, 0x000000070d600000| Untracked 
| 169|0x000000070d700000, 0x000000070d700000, 0x000000070d800000|  0%| F|  |TAMS 0x000000070d700000, 0x000000070d700000| Untracked 
| 170|0x000000070d800000, 0x000000070d800000, 0x000000070d900000|  0%| F|  |TAMS 0x000000070d800000, 0x000000070d800000| Untracked 
| 171|0x000000070d900000, 0x000000070d900000, 0x000000070da00000|  0%| F|  |TAMS 0x000000070d900000, 0x000000070d900000| Untracked 
| 172|0x000000070da00000, 0x000000070da00000, 0x000000070db00000|  0%| F|  |TAMS 0x000000070da00000, 0x000000070da00000| Untracked 
| 173|0x000000070db00000, 0x000000070db00000, 0x000000070dc00000|  0%| F|  |TAMS 0x000000070db00000, 0x000000070db00000| Untracked 
| 174|0x000000070dc00000, 0x000000070dc00000, 0x000000070dd00000|  0%| F|  |TAMS 0x000000070dc00000, 0x000000070dc00000| Untracked 
| 175|0x000000070dd00000, 0x000000070dd00000, 0x000000070de00000|  0%| F|  |TAMS 0x000000070dd00000, 0x000000070dd00000| Untracked 
| 176|0x000000070de00000, 0x000000070de00000, 0x000000070df00000|  0%| F|  |TAMS 0x000000070de00000, 0x000000070de00000| Untracked 
| 177|0x000000070df00000, 0x000000070df00000, 0x000000070e000000|  0%| F|  |TAMS 0x000000070df00000, 0x000000070df00000| Untracked 
| 178|0x000000070e000000, 0x000000070e000000, 0x000000070e100000|  0%| F|  |TAMS 0x000000070e000000, 0x000000070e000000| Untracked 
| 179|0x000000070e100000, 0x000000070e100000, 0x000000070e200000|  0%| F|  |TAMS 0x000000070e100000, 0x000000070e100000| Untracked 
| 180|0x000000070e200000, 0x000000070e200000, 0x000000070e300000|  0%| F|  |TAMS 0x000000070e200000, 0x000000070e200000| Untracked 
| 181|0x000000070e300000, 0x000000070e300000, 0x000000070e400000|  0%| F|  |TAMS 0x000000070e300000, 0x000000070e300000| Untracked 
| 182|0x000000070e400000, 0x000000070e400000, 0x000000070e500000|  0%| F|  |TAMS 0x000000070e400000, 0x000000070e400000| Untracked 
| 183|0x000000070e500000, 0x000000070e500000, 0x000000070e600000|  0%| F|  |TAMS 0x000000070e500000, 0x000000070e500000| Untracked 
| 184|0x000000070e600000, 0x000000070e600000, 0x000000070e700000|  0%| F|  |TAMS 0x000000070e600000, 0x000000070e600000| Untracked 
| 185|0x000000070e700000, 0x000000070e700000, 0x000000070e800000|  0%| F|  |TAMS 0x000000070e700000, 0x000000070e700000| Untracked 
| 186|0x000000070e800000, 0x000000070e800000, 0x000000070e900000|  0%| F|  |TAMS 0x000000070e800000, 0x000000070e800000| Untracked 
| 187|0x000000070e900000, 0x000000070e900000, 0x000000070ea00000|  0%| F|  |TAMS 0x000000070e900000, 0x000000070e900000| Untracked 
| 188|0x000000070ea00000, 0x000000070ea00000, 0x000000070eb00000|  0%| F|  |TAMS 0x000000070ea00000, 0x000000070ea00000| Untracked 
| 189|0x000000070eb00000, 0x000000070eb00000, 0x000000070ec00000|  0%| F|  |TAMS 0x000000070eb00000, 0x000000070eb00000| Untracked 
| 190|0x000000070ec00000, 0x000000070ec00000, 0x000000070ed00000|  0%| F|  |TAMS 0x000000070ec00000, 0x000000070ec00000| Untracked 
| 191|0x000000070ed00000, 0x000000070ed00000, 0x000000070ee00000|  0%| F|  |TAMS 0x000000070ed00000, 0x000000070ed00000| Untracked 
| 192|0x000000070ee00000, 0x000000070ee00000, 0x000000070ef00000|  0%| F|  |TAMS 0x000000070ee00000, 0x000000070ee00000| Untracked 
| 193|0x000000070ef00000, 0x000000070ef00000, 0x000000070f000000|  0%| F|  |TAMS 0x000000070ef00000, 0x000000070ef00000| Untracked 
| 194|0x000000070f000000, 0x000000070f000000, 0x000000070f100000|  0%| F|  |TAMS 0x000000070f000000, 0x000000070f000000| Untracked 
| 195|0x000000070f100000, 0x000000070f100000, 0x000000070f200000|  0%| F|  |TAMS 0x000000070f100000, 0x000000070f100000| Untracked 
| 196|0x000000070f200000, 0x000000070f200000, 0x000000070f300000|  0%| F|  |TAMS 0x000000070f200000, 0x000000070f200000| Untracked 
| 197|0x000000070f300000, 0x000000070f300000, 0x000000070f400000|  0%| F|  |TAMS 0x000000070f300000, 0x000000070f300000| Untracked 
| 198|0x000000070f400000, 0x000000070f400000, 0x000000070f500000|  0%| F|  |TAMS 0x000000070f400000, 0x000000070f400000| Untracked 
| 199|0x000000070f500000, 0x000000070f500000, 0x000000070f600000|  0%| F|  |TAMS 0x000000070f500000, 0x000000070f500000| Untracked 
| 200|0x000000070f600000, 0x000000070f600000, 0x000000070f700000|  0%| F|  |TAMS 0x000000070f600000, 0x000000070f600000| Untracked 
| 201|0x000000070f700000, 0x000000070f700000, 0x000000070f800000|  0%| F|  |TAMS 0x000000070f700000, 0x000000070f700000| Untracked 
| 202|0x000000070f800000, 0x000000070f800000, 0x000000070f900000|  0%| F|  |TAMS 0x000000070f800000, 0x000000070f800000| Untracked 
| 203|0x000000070f900000, 0x000000070f900000, 0x000000070fa00000|  0%| F|  |TAMS 0x000000070f900000, 0x000000070f900000| Untracked 
| 204|0x000000070fa00000, 0x000000070fa00000, 0x000000070fb00000|  0%| F|  |TAMS 0x000000070fa00000, 0x000000070fa00000| Untracked 
| 205|0x000000070fb00000, 0x000000070fb00000, 0x000000070fc00000|  0%| F|  |TAMS 0x000000070fb00000, 0x000000070fb00000| Untracked 
| 206|0x000000070fc00000, 0x000000070fc00000, 0x000000070fd00000|  0%| F|  |TAMS 0x000000070fc00000, 0x000000070fc00000| Untracked 
| 207|0x000000070fd00000, 0x000000070fd00000, 0x000000070fe00000|  0%| F|  |TAMS 0x000000070fd00000, 0x000000070fd00000| Untracked 
| 208|0x000000070fe00000, 0x000000070fe00000, 0x000000070ff00000|  0%| F|  |TAMS 0x000000070fe00000, 0x000000070fe00000| Untracked 
| 209|0x000000070ff00000, 0x000000070ff00000, 0x0000000710000000|  0%| F|  |TAMS 0x000000070ff00000, 0x000000070ff00000| Untracked 
| 210|0x0000000710000000, 0x0000000710000000, 0x0000000710100000|  0%| F|  |TAMS 0x0000000710000000, 0x0000000710000000| Untracked 
| 211|0x0000000710100000, 0x0000000710100000, 0x0000000710200000|  0%| F|  |TAMS 0x0000000710100000, 0x0000000710100000| Untracked 
| 212|0x0000000710200000, 0x0000000710200000, 0x0000000710300000|  0%| F|  |TAMS 0x0000000710200000, 0x0000000710200000| Untracked 
| 213|0x0000000710300000, 0x0000000710300000, 0x0000000710400000|  0%| F|  |TAMS 0x0000000710300000, 0x0000000710300000| Untracked 
| 214|0x0000000710400000, 0x0000000710400000, 0x0000000710500000|  0%| F|  |TAMS 0x0000000710400000, 0x0000000710400000| Untracked 
| 215|0x0000000710500000, 0x0000000710500000, 0x0000000710600000|  0%| F|  |TAMS 0x0000000710500000, 0x0000000710500000| Untracked 
| 216|0x0000000710600000, 0x0000000710600000, 0x0000000710700000|  0%| F|  |TAMS 0x0000000710600000, 0x0000000710600000| Untracked 
| 217|0x0000000710700000, 0x0000000710700000, 0x0000000710800000|  0%| F|  |TAMS 0x0000000710700000, 0x0000000710700000| Untracked 
| 218|0x0000000710800000, 0x0000000710800000, 0x0000000710900000|  0%| F|  |TAMS 0x0000000710800000, 0x0000000710800000| Untracked 
| 219|0x0000000710900000, 0x0000000710900000, 0x0000000710a00000|  0%| F|  |TAMS 0x0000000710900000, 0x0000000710900000| Untracked 
| 220|0x0000000710a00000, 0x0000000710a00000, 0x0000000710b00000|  0%| F|  |TAMS 0x0000000710a00000, 0x0000000710a00000| Untracked 
| 221|0x0000000710b00000, 0x0000000710b00000, 0x0000000710c00000|  0%| F|  |TAMS 0x0000000710b00000, 0x0000000710b00000| Untracked 
| 222|0x0000000710c00000, 0x0000000710c00000, 0x0000000710d00000|  0%| F|  |TAMS 0x0000000710c00000, 0x0000000710c00000| Untracked 
| 223|0x0000000710d00000, 0x0000000710d00000, 0x0000000710e00000|  0%| F|  |TAMS 0x0000000710d00000, 0x0000000710d00000| Untracked 
| 224|0x0000000710e00000, 0x0000000710e00000, 0x0000000710f00000|  0%| F|  |TAMS 0x0000000710e00000, 0x0000000710e00000| Untracked 
| 225|0x0000000710f00000, 0x0000000710f00000, 0x0000000711000000|  0%| F|  |TAMS 0x0000000710f00000, 0x0000000710f00000| Untracked 
| 226|0x0000000711000000, 0x0000000711000000, 0x0000000711100000|  0%| F|  |TAMS 0x0000000711000000, 0x0000000711000000| Untracked 
| 227|0x0000000711100000, 0x0000000711100000, 0x0000000711200000|  0%| F|  |TAMS 0x0000000711100000, 0x0000000711100000| Untracked 
| 228|0x0000000711200000, 0x0000000711200000, 0x0000000711300000|  0%| F|  |TAMS 0x0000000711200000, 0x0000000711200000| Untracked 
| 229|0x0000000711300000, 0x0000000711300000, 0x0000000711400000|  0%| F|  |TAMS 0x0000000711300000, 0x0000000711300000| Untracked 
| 230|0x0000000711400000, 0x0000000711400000, 0x0000000711500000|  0%| F|  |TAMS 0x0000000711400000, 0x0000000711400000| Untracked 
| 231|0x0000000711500000, 0x0000000711500000, 0x0000000711600000|  0%| F|  |TAMS 0x0000000711500000, 0x0000000711500000| Untracked 
| 232|0x0000000711600000, 0x0000000711600000, 0x0000000711700000|  0%| F|  |TAMS 0x0000000711600000, 0x0000000711600000| Untracked 
| 233|0x0000000711700000, 0x0000000711700000, 0x0000000711800000|  0%| F|  |TAMS 0x0000000711700000, 0x0000000711700000| Untracked 
| 234|0x0000000711800000, 0x0000000711800000, 0x0000000711900000|  0%| F|  |TAMS 0x0000000711800000, 0x0000000711800000| Untracked 
| 235|0x0000000711900000, 0x0000000711900000, 0x0000000711a00000|  0%| F|  |TAMS 0x0000000711900000, 0x0000000711900000| Untracked 
| 236|0x0000000711a00000, 0x0000000711a00000, 0x0000000711b00000|  0%| F|  |TAMS 0x0000000711a00000, 0x0000000711a00000| Untracked 
| 237|0x0000000711b00000, 0x0000000711b00000, 0x0000000711c00000|  0%| F|  |TAMS 0x0000000711b00000, 0x0000000711b00000| Untracked 
| 238|0x0000000711c00000, 0x0000000711c7b630, 0x0000000711d00000| 48%| E|  |TAMS 0x0000000711c00000, 0x0000000711c00000| Complete 
| 239|0x0000000711d00000, 0x0000000711e00000, 0x0000000711e00000|100%| E|CS|TAMS 0x0000000711d00000, 0x0000000711d00000| Complete 
| 240|0x0000000711e00000, 0x0000000711f00000, 0x0000000711f00000|100%| E|CS|TAMS 0x0000000711e00000, 0x0000000711e00000| Complete 
| 241|0x0000000711f00000, 0x0000000712000000, 0x0000000712000000|100%| E|CS|TAMS 0x0000000711f00000, 0x0000000711f00000| Complete 
| 242|0x0000000712000000, 0x0000000712100000, 0x0000000712100000|100%| E|CS|TAMS 0x0000000712000000, 0x0000000712000000| Complete 
| 243|0x0000000712100000, 0x0000000712200000, 0x0000000712200000|100%| E|CS|TAMS 0x0000000712100000, 0x0000000712100000| Complete 
| 244|0x0000000712200000, 0x0000000712300000, 0x0000000712300000|100%| E|CS|TAMS 0x0000000712200000, 0x0000000712200000| Complete 
| 245|0x0000000712300000, 0x0000000712400000, 0x0000000712400000|100%| E|CS|TAMS 0x0000000712300000, 0x0000000712300000| Complete 
| 246|0x0000000712400000, 0x0000000712500000, 0x0000000712500000|100%| E|CS|TAMS 0x0000000712400000, 0x0000000712400000| Complete 
| 247|0x0000000712500000, 0x0000000712600000, 0x0000000712600000|100%| E|CS|TAMS 0x0000000712500000, 0x0000000712500000| Complete 
| 248|0x0000000712600000, 0x0000000712700000, 0x0000000712700000|100%| E|CS|TAMS 0x0000000712600000, 0x0000000712600000| Complete 
| 249|0x0000000712700000, 0x0000000712800000, 0x0000000712800000|100%| E|CS|TAMS 0x0000000712700000, 0x0000000712700000| Complete 
| 250|0x0000000712800000, 0x0000000712900000, 0x0000000712900000|100%| E|CS|TAMS 0x0000000712800000, 0x0000000712800000| Complete 
| 251|0x0000000712900000, 0x0000000712a00000, 0x0000000712a00000|100%| E|CS|TAMS 0x0000000712900000, 0x0000000712900000| Complete 
| 252|0x0000000712a00000, 0x0000000712b00000, 0x0000000712b00000|100%| E|CS|TAMS 0x0000000712a00000, 0x0000000712a00000| Complete 
| 253|0x0000000712b00000, 0x0000000712c00000, 0x0000000712c00000|100%| E|CS|TAMS 0x0000000712b00000, 0x0000000712b00000| Complete 

Card table byte_map: [0x000001adc5110000,0x000001adc5900000] _byte_map_base: 0x000001adc18f9000

Marking Bits (Prev, Next): (CMBitMap*) 0x000001adad113d38, (CMBitMap*) 0x000001adad113d70
 Prev Bits: [0x000001adc60f0000, 0x000001adca038000)
 Next Bits: [0x000001adca040000, 0x000001adcdf88000)

Polling page: 0x000001adac860000

Metaspace:

Usage:
  Non-class:      9.81 MB capacity,     9.72 MB (>99%) used,    72.29 KB ( <1%) free+waste,    11.63 KB ( <1%) overhead. 
      Class:      1.07 MB capacity,     1.02 MB ( 96%) used,    37.45 KB (  3%) free+waste,     5.00 KB ( <1%) overhead. 
       Both:     10.87 MB capacity,    10.75 MB ( 99%) used,   109.73 KB ( <1%) free+waste,    16.63 KB ( <1%) overhead. 

Virtual space:
  Non-class space:       10.00 MB reserved,      10.00 MB (100%) committed 
      Class space:        1.00 GB reserved,       1.13 MB ( <1%) committed 
             Both:        1.01 GB reserved,      11.13 MB (  1%) committed 

Chunk freelists:
   Non-Class:  896 bytes
       Class:  0 bytes
        Both:  896 bytes

CodeHeap 'non-profiled nmethods': size=120000Kb used=276Kb max_used=276Kb free=119724Kb
 bounds [0x000001adbce90000, 0x000001adbd100000, 0x000001adc43c0000]
CodeHeap 'profiled nmethods': size=120000Kb used=1474Kb max_used=1474Kb free=118526Kb
 bounds [0x000001adb5960000, 0x000001adb5bd0000, 0x000001adbce90000]
CodeHeap 'non-nmethods': size=5760Kb used=1092Kb max_used=1105Kb free=4667Kb
 bounds [0x000001adb53c0000, 0x000001adb5630000, 0x000001adb5960000]
 total_blobs=1400 nmethods=798 adapters=305
 compilation: enabled
              stopped_count=0, restarted_count=0
 full_count=0

Compilation events (10 events):
Event: 1.025 Thread 0x000001add165a000 nmethod 769 0x000001adb5ac8890 code [0x000001adb5ac8a40, 0x000001adb5ac8bb8]
Event: 1.025 Thread 0x000001add165a000  772       3       java.util.ArrayDeque::pollFirst (36 bytes)
Event: 1.025 Thread 0x000001add165a000 nmethod 772 0x000001adb5ac8c90 code [0x000001adb5ac8e60, 0x000001adb5ac92f8]
Event: 1.028 Thread 0x000001add2117000 nmethod 771 0x000001adbced2090 code [0x000001adbced2220, 0x000001adbced2438]
Event: 1.069 Thread 0x000001add165a000  773       3       java.util.Calendar::internalSet (8 bytes)
Event: 1.069 Thread 0x000001add165a000 nmethod 773 0x000001adb5ac9490 code [0x000001adb5ac9640, 0x000001adb5ac97d8]
Event: 1.069 Thread 0x000001add165a000  774  s    1       java.lang.StringBuffer::length (5 bytes)
Event: 1.069 Thread 0x000001add165a000 nmethod 774 0x000001adbced2610 code [0x000001adbced27c0, 0x000001adbced2a58]
Event: 1.070 Thread 0x000001add165a000  775       3       java.security.SecureClassLoader$CodeSourceKey::equals (56 bytes)
Event: 1.070 Thread 0x000001add165a000 nmethod 775 0x000001adb5ac9890 code [0x000001adb5ac9aa0, 0x000001adb5aca160]

GC Heap History (0 events):
No events

Deoptimization events (9 events):
Event: 0.220 Thread 0x000001adad0b1800 Uncommon trap: reason=unstable_if action=reinterpret pc=0x000001adbce91bf8 method=java.lang.String.isLatin1()Z @ 10 c2
Event: 0.222 Thread 0x000001adad0b1800 Uncommon trap: reason=unstable_if action=reinterpret pc=0x000001adbce91514 method=java.lang.String.isLatin1()Z @ 10 c2
Event: 0.223 Thread 0x000001adad0b1800 Uncommon trap: reason=unstable_if action=reinterpret pc=0x000001adbce96558 method=java.lang.String.hashCode()I @ 14 c2
Event: 0.356 Thread 0x000001adad0b1800 Uncommon trap: reason=unstable_if action=reinterpret pc=0x000001adbcea5e18 method=java.io.BufferedReader.read()I @ 19 c2
Event: 0.357 Thread 0x000001adad0b1800 Uncommon trap: reason=unstable_if action=reinterpret pc=0x000001adbcea578c method=java.io.BufferedReader.read()I @ 19 c2
Event: 0.424 Thread 0x000001adad0b1800 Uncommon trap: reason=unstable_if action=reinterpret pc=0x000001adbce9d5bc method=java.lang.StringLatin1.canEncode(I)Z @ 4 c2
Event: 0.424 Thread 0x000001adad0b1800 Uncommon trap: reason=unstable_if action=reinterpret pc=0x000001adbce9de9c method=java.lang.AbstractStringBuilder.isLatin1()Z @ 10 c2
Event: 0.432 Thread 0x000001adad0b1800 Uncommon trap: reason=unstable_if action=reinterpret pc=0x000001adbce97854 method=java.lang.StringLatin1.canEncode(I)Z @ 4 c2
Event: 0.479 Thread 0x000001adad0b1800 Uncommon trap: reason=unstable_if action=reinterpret pc=0x000001adbce9be80 method=java.io.WinNTFileSystem.isSlash(C)Z @ 9 c2

Classes redefined (0 events):
No events

Internal exceptions (10 events):
Event: 0.357 Thread 0x000001adad0b1800 Exception <a 'java/io/FileNotFoundException'{0x0000000712688330}> (0x0000000712688330) thrown at [t:/workspace/open/src/hotspot/share/prims/jni.cpp, line 615]
Event: 0.438 Thread 0x000001adad0b1800 Exception <a 'java/lang/NoSuchMethodError'{0x0000000712498468}: java.lang.invoke.DirectMethodHandle$Holder.invokeStaticInit(Ljava/lang/Object;Ljava/lang/Object;Ljava/lang/Object;)I> (0x0000000712498468) thrown at [t:/workspace/open/src/hotspot/share/inter
Event: 0.465 Thread 0x000001adad0b1800 Exception <a 'java/lang/NoSuchMethodError'{0x0000000712329d00}: org.slf4j.impl.StaticMDCBinder.getSingleton()Lorg/slf4j/impl/StaticMDCBinder;> (0x0000000712329d00) thrown at [t:/workspace/open/src/hotspot/share/interpreter/linkResolver.cpp, line 772]
Event: 0.501 Thread 0x000001adad0b1800 Exception <a 'java/io/FileNotFoundException'{0x00000007123d0c58}> (0x00000007123d0c58) thrown at [t:/workspace/open/src/hotspot/share/prims/jni.cpp, line 615]
Event: 0.526 Thread 0x000001adad0b1800 Exception <a 'java/lang/NoSuchMethodError'{0x0000000712128850}: java.lang.invoke.DirectMethodHandle$Holder.invokeStaticInit(Ljava/lang/Object;IIII)Ljava/lang/Object;> (0x0000000712128850) thrown at [t:/workspace/open/src/hotspot/share/interpreter/linkReso
Event: 0.904 Thread 0x000001adad0b1800 Exception <a 'java/lang/NoSuchMethodError'{0x000000071215b3b0}: java.lang.invoke.DirectMethodHandle$Holder.invokeStaticInit(Ljava/lang/Object;Ljava/lang/Object;IIII)Ljava/lang/Object;> (0x000000071215b3b0) thrown at [t:/workspace/open/src/hotspot/share/in
Event: 0.999 Thread 0x000001adad0b1800 Exception <a 'java/lang/UnsatisfiedLinkError'{0x0000000711e36170}: The specified procedure could not be found.
> (0x0000000711e36170) thrown at [t:/workspace/open/src/hotspot/share/prims/jni.cpp, line 636]
Event: 1.000 Thread 0x000001adad0b1800 Exception <a 'java/io/FileNotFoundException'{0x0000000711e37698}> (0x0000000711e37698) thrown at [t:/workspace/open/src/hotspot/share/prims/jni.cpp, line 615]
Event: 1.001 Thread 0x000001adad0b1800 Exception <a 'java/io/FileNotFoundException'{0x0000000711e42438}> (0x0000000711e42438) thrown at [t:/workspace/open/src/hotspot/share/prims/jni.cpp, line 615]
Event: 1.003 Thread 0x000001adad0b1800 Exception <a 'java/lang/NoSuchMethodError'{0x0000000711e49180}: java.lang.invoke.DirectMethodHandle$Holder.invokeVirtual(Ljava/lang/Object;Ljava/lang/Object;Ljava/lang/Object;)I> (0x0000000711e49180) thrown at [t:/workspace/open/src/hotspot/share/interpre

Events (10 events):
Event: 1.070 loading class java/util/Timer$1
Event: 1.070 loading class java/util/Timer$1 done
Event: 1.071 Thread 0x000001add2070800 Thread added: 0x000001add2070800
Event: 1.071 Thread 0x000001add2079800 Thread added: 0x000001add2079800
Event: 1.071 loading class java/lang/Thread$State
Event: 1.071 loading class java/lang/Thread$State done
Event: 1.071 Executing VM operation: RevokeBias
Event: 1.071 Executing VM operation: RevokeBias done
Event: 1.071 loading class com/zsmartsystems/bluetooth/bluegiga/command/gap/BlueGigaEndProcedureResponse
Event: 1.071 loading class com/zsmartsystems/bluetooth/bluegiga/command/gap/BlueGigaEndProcedureResponse done


Dynamic libraries:
0x00007ff6e46c0000 - 0x00007ff6e4705000 	C:\tools\jdk-11\bin\javaw.exe
0x00007ff8182d0000 - 0x00007ff8184c6000 	C:\WINDOWS\SYSTEM32\ntdll.dll
0x00007ffff0360000 - 0x00007ffff0372000 	C:\Program Files\AVG\Antivirus\aswhook.dll
0x00007ff817a80000 - 0x00007ff817b3d000 	C:\WINDOWS\System32\KERNEL32.DLL
0x00007ff815a10000 - 0x00007ff815cd9000 	C:\WINDOWS\System32\KERNELBASE.dll
0x00007ff817420000 - 0x00007ff8175c0000 	C:\WINDOWS\System32\USER32.dll
0x00007ff816010000 - 0x00007ff816032000 	C:\WINDOWS\System32\win32u.dll
0x00007ff817a50000 - 0x00007ff817a7a000 	C:\WINDOWS\System32\GDI32.dll
0x00007ff816170000 - 0x00007ff816279000 	C:\WINDOWS\System32\gdi32full.dll
0x00007ff815e40000 - 0x00007ff815edd000 	C:\WINDOWS\System32\msvcp_win.dll
0x00007ff816070000 - 0x00007ff816170000 	C:\WINDOWS\System32\ucrtbase.dll
0x00007ff808d40000 - 0x00007ff808fdb000 	C:\WINDOWS\WinSxS\amd64_microsoft.windows.common-controls_6595b64144ccf1df_6.0.19041.488_none_ca04af081b815d21\COMCTL32.dll
0x00007ff817920000 - 0x00007ff8179be000 	C:\WINDOWS\System32\msvcrt.dll
0x00007ff816940000 - 0x00007ff816970000 	C:\WINDOWS\System32\IMM32.DLL
0x00007ffff6600000 - 0x00007ffff6616000 	C:\tools\jdk-11\bin\vcruntime140.dll
0x00007fffebec0000 - 0x00007fffebf6a000 	C:\tools\jdk-11\bin\msvcp140.dll
0x00007fffbfb50000 - 0x00007fffc0691000 	C:\tools\jdk-11\bin\server\jvm.dll
0x00007ff8172f0000 - 0x00007ff81739c000 	C:\WINDOWS\System32\ADVAPI32.dll
0x00007ff816f60000 - 0x00007ff816ffc000 	C:\WINDOWS\System32\sechost.dll
0x00007ff816dd0000 - 0x00007ff816efb000 	C:\WINDOWS\System32\RPCRT4.dll
0x00007ff816c90000 - 0x00007ff816c98000 	C:\WINDOWS\System32\PSAPI.DLL
0x00007ff8026d0000 - 0x00007ff8026d9000 	C:\WINDOWS\SYSTEM32\WSOCK32.dll
0x00007ff817280000 - 0x00007ff8172eb000 	C:\WINDOWS\System32\WS2_32.dll
0x00007ff808ff0000 - 0x00007ff809017000 	C:\WINDOWS\SYSTEM32\WINMM.dll
0x00007ff80ca30000 - 0x00007ff80ca3a000 	C:\WINDOWS\SYSTEM32\VERSION.dll
0x00007ff8142f0000 - 0x00007ff814302000 	C:\WINDOWS\SYSTEM32\kernel.appcore.dll
0x00007ff803460000 - 0x00007ff803471000 	C:\tools\jdk-11\bin\verify.dll
0x00007ff814020000 - 0x00007ff814204000 	C:\WINDOWS\SYSTEM32\DBGHELP.DLL
0x00007ff80ab50000 - 0x00007ff80ab7c000 	C:\WINDOWS\SYSTEM32\dbgcore.DLL
0x00007ff815f40000 - 0x00007ff815fc0000 	C:\WINDOWS\System32\bcryptPrimitives.dll
0x00007ffff87d0000 - 0x00007ffff87f8000 	C:\tools\jdk-11\bin\java.dll
0x00007ffffa290000 - 0x00007ffffa2a6000 	C:\tools\jdk-11\bin\zip.dll
0x00007ff8109c0000 - 0x00007ff8109ca000 	C:\tools\jdk-11\bin\jimage.dll
0x00007ff817b40000 - 0x00007ff818282000 	C:\WINDOWS\System32\SHELL32.dll
0x00007ff8137b0000 - 0x00007ff813f45000 	C:\WINDOWS\SYSTEM32\windows.storage.dll
0x00007ff8175c0000 - 0x00007ff817916000 	C:\WINDOWS\System32\combase.dll
0x00007ff815480000 - 0x00007ff8154ac000 	C:\WINDOWS\SYSTEM32\Wldp.dll
0x00007ff816340000 - 0x00007ff8163ee000 	C:\WINDOWS\System32\SHCORE.dll
0x00007ff816c30000 - 0x00007ff816c85000 	C:\WINDOWS\System32\shlwapi.dll
0x00007ff815940000 - 0x00007ff815966000 	C:\WINDOWS\SYSTEM32\profapi.dll
0x00007ffff87b0000 - 0x00007ffff87c9000 	C:\tools\jdk-11\bin\net.dll
0x00007ff80fa90000 - 0x00007ff80fb90000 	C:\WINDOWS\SYSTEM32\WINHTTP.dll
0x00007ff815200000 - 0x00007ff81526a000 	C:\WINDOWS\system32\mswsock.dll
0x00007ffff6670000 - 0x00007ffff6683000 	C:\tools\jdk-11\bin\nio.dll
0x000000006af40000 - 0x000000006af71000 	C:\Users\Jonathan\AppData\Local\Temp\libNRJavaSerial_Jonathan_0\libNRJavaSerial.dll
0x00007ff8153d0000 - 0x00007ff8153e8000 	C:\WINDOWS\SYSTEM32\CRYPTSP.dll
0x00007ff814b20000 - 0x00007ff814b54000 	C:\WINDOWS\system32\rsaenh.dll
0x00007ff816040000 - 0x00007ff816067000 	C:\WINDOWS\System32\bcrypt.dll
0x00007ff815900000 - 0x00007ff81592e000 	C:\WINDOWS\SYSTEM32\USERENV.dll
0x00007ff8153f0000 - 0x00007ff8153fc000 	C:\WINDOWS\SYSTEM32\CRYPTBASE.dll
0x00007ff814ea0000 - 0x00007ff814edb000 	C:\WINDOWS\SYSTEM32\IPHLPAPI.DLL
0x00007ff8170f0000 - 0x00007ff8170f8000 	C:\WINDOWS\System32\NSI.dll
0x00007ff80cb20000 - 0x00007ff80cb37000 	C:\WINDOWS\SYSTEM32\dhcpcsvc6.DLL
0x00007ff80ca10000 - 0x00007ff80ca2d000 	C:\WINDOWS\SYSTEM32\dhcpcsvc.DLL
0x00007ff814ef0000 - 0x00007ff814fbb000 	C:\WINDOWS\SYSTEM32\DNSAPI.dll
0x00007fffeb190000 - 0x00007fffeb1b5000 	C:\Users\Jonathan\AppData\Local\Temp\jna--1205013639\jna7917443532912173660.dll
0x0000000056170000 - 0x0000000056242000 	C:\WINDOWS\SYSTEM32\MSVCR100.dll

dbghelp: loaded successfully - version: 4.0.5 - missing functions: none
symbol engine: initialized successfully - sym options: 0x614 - pdb path: .;C:\tools\jdk-11\bin;C:\WINDOWS\SYSTEM32;C:\Program Files\AVG\Antivirus;C:\WINDOWS\WinSxS\amd64_microsoft.windows.common-controls_6595b64144ccf1df_6.0.19041.488_none_ca04af081b815d21;C:\tools\jdk-11\bin\server;C:\Users\Jonathan\AppData\Local\Temp\libNRJavaSerial_Jonathan_0;C:\Users\Jonathan\AppData\Local\Temp\jna--1205013639

VM Arguments:
jvm_args: -Dfile.encoding=UTF-8 
java_command: com.ioc.iotserver.mainclz.TestBt
java_class_path (initial): D:\htdocs\ioc\iotserver\target\classes;C:\Users\Jonathan\.m2\repository\org\springframework\boot\spring-boot-starter-web\2.3.3.RELEASE\spring-boot-starter-web-2.3.3.RELEASE.jar;C:\Users\Jonathan\.m2\repository\org\springframework\boot\spring-boot-starter\2.3.3.RELEASE\spring-boot-starter-2.3.3.RELEASE.jar;C:\Users\Jonathan\.m2\repository\org\springframework\boot\spring-boot\2.3.3.RELEASE\spring-boot-2.3.3.RELEASE.jar;C:\Users\Jonathan\.m2\repository\org\springframework\boot\spring-boot-autoconfigure\2.3.3.RELEASE\spring-boot-autoconfigure-2.3.3.RELEASE.jar;C:\Users\Jonathan\.m2\repository\org\springframework\boot\spring-boot-starter-logging\2.3.3.RELEASE\spring-boot-starter-logging-2.3.3.RELEASE.jar;C:\Users\Jonathan\.m2\repository\ch\qos\logback\logback-classic\1.2.3\logback-classic-1.2.3.jar;C:\Users\Jonathan\.m2\repository\ch\qos\logback\logback-core\1.2.3\logback-core-1.2.3.jar;C:\Users\Jonathan\.m2\repository\org\apache\logging\log4j\log4j-to-slf4j\2.13.3\log4j-to-slf4j-2.13.3.jar;C:\Users\Jonathan\.m2\repository\org\apache\logging\log4j\log4j-api\2.13.3\log4j-api-2.13.3.jar;C:\Users\Jonathan\.m2\repository\org\slf4j\jul-to-slf4j\1.7.30\jul-to-slf4j-1.7.30.jar;C:\Users\Jonathan\.m2\repository\jakarta\annotation\jakarta.annotation-api\1.3.5\jakarta.annotation-api-1.3.5.jar;C:\Users\Jonathan\.m2\repository\org\yaml\snakeyaml\1.26\snakeyaml-1.26.jar;C:\Users\Jonathan\.m2\repository\org\springframework\boot\spring-boot-starter-json\2.3.3.RELEASE\spring-boot-starter-json-2.3.3.RELEASE.jar;C:\Users\Jonathan\.m2\repository\com\fasterxml\jackson\core\jackson-databind\2.11.2\jackson-databind-2.11.2.jar;C:\Users\Jonathan\.m2\repository\com\fasterxml\jackson\core\jackson-annotations\2.11.2\jackson-annotations-2.11.2.jar;C:\Users\Jonathan\.m2\repository\com\fasterxml\jackson\core\jackson-core\2.11.2\jackson-core-2.11.2.jar;C:\Users\Jonathan\.m2\repository\com\fasterxml\jackson\datatype\jackson-datatype-jdk8\2.11.2\jackson-datatype-jdk8-2.11.2.j
Launcher Type: SUN_STANDARD

[Global flags]
     intx CICompilerCount                          = 4                                         {product} {ergonomic}
     uint ConcGCThreads                            = 3                                         {product} {ergonomic}
     uint G1ConcRefinementThreads                  = 10                                        {product} {ergonomic}
   size_t G1HeapRegionSize                         = 1048576                                   {product} {ergonomic}
    uintx GCDrainStackTargetSize                   = 64                                        {product} {ergonomic}
   size_t InitialHeapSize                          = 266338304                                 {product} {ergonomic}
   size_t MarkStackSize                            = 4194304                                   {product} {ergonomic}
   size_t MaxHeapSize                              = 4246732800                                {product} {ergonomic}
   size_t MaxNewSize                               = 2548039680                                {product} {ergonomic}
   size_t MinHeapDeltaBytes                        = 1048576                                   {product} {ergonomic}
    uintx NonNMethodCodeHeapSize                   = 5835340                                {pd product} {ergonomic}
    uintx NonProfiledCodeHeapSize                  = 122911450                              {pd product} {ergonomic}
    uintx ProfiledCodeHeapSize                     = 122911450                              {pd product} {ergonomic}
    uintx ReservedCodeCacheSize                    = 251658240                              {pd product} {ergonomic}
     bool SegmentedCodeCache                       = true                                      {product} {ergonomic}
     bool UseCompressedClassPointers               = true                                 {lp64_product} {ergonomic}
     bool UseCompressedOops                        = true                                 {lp64_product} {ergonomic}
     bool UseG1GC                                  = true                                      {product} {ergonomic}
     bool UseLargePagesIndividualAllocation        = false                                  {pd product} {ergonomic}

Logging:
Log output configuration:
 #0: stdout all=warning uptime,level,tags
 #1: stderr all=off uptime,level,tags

Environment Variables:
JAVA_HOME=C:\tools\jdk-11
PATH=C:/tools/jdk-11/bin/server;C:/tools/jdk-11/bin;C:\Program Files (x86)\Intel\Intel(R) Management Engine Components\iCLS\;C:\Program Files\Intel\Intel(R) Management Engine Components\iCLS\;C:\Windows\system32;C:\Windows;C:\Windows\System32\Wbem;C:\Windows\System32\WindowsPowerShell\v1.0\;C:\Windows\System32\OpenSSH\;C:\Program Files\Intel\WiFi\bin\;C:\Program Files\Common Files\Intel\WirelessCommon\;C:\Program Files (x86)\NVIDIA Corporation\PhysX\Common;C:\tools\Git\cmd;C:\tools\jdk-11\bin;C:\tools\PuTTY\;C:\tools\xampp\mysql\bin\;;C:\Program Files\NVIDIA Corporation\NVIDIA NvDLISR;C:\tools\CMake\bin;C:\WINDOWS\system32;C:\WINDOWS;C:\WINDOWS\System32\Wbem;C:\WINDOWS\System32\WindowsPowerShell\v1.0\;C:\WINDOWS\System32\OpenSSH\;C:\Users\Jonathan\AppData\Local\Microsoft\WindowsApps;C:\tools\IntelliJ\bin;;C:\tools\Microsoft Visual Studio\2019\Community\VC\Tools\MSVC\14.24.28314\bin\Hostx64\x64;C:\tools\OpenSSL-Win64\lib;;C:\tools\eclipseioc\eclipse;
USERNAME=Jonathan
OS=Windows_NT
PROCESSOR_IDENTIFIER=Intel64 Family 6 Model 158 Stepping 10, GenuineIntel



---------------  S Y S T E M  ---------------

OS: Windows 10 , 64 bit Build 19041 (10.0.19041.662)

CPU:total 12 (initial active 12) (6 cores per cpu, 2 threads per core) family 6 model 158 stepping 10, cmov, cx8, fxsr, mmx, sse, sse2, sse3, ssse3, sse4.1, sse4.2, popcnt, avx, avx2, aes, clmul, erms, 3dnowpref, lzcnt, ht, tsc, tscinvbit, bmi1, bmi2, adx, fma

Memory: 4k page, system-wide physical 16196M (5780M free)
TotalPageFile size 18628M (AvailPageFile size 5994M)
current process WorkingSet (physical memory assigned to process): 70M, peak: 70M
current process commit charge ("private bytes"): 357M, peak: 357M

vm_info: OpenJDK 64-Bit Server VM (11+28) for windows-amd64 JRE (11+28), built on Aug 23 2018 03:04:58 by "mach5one" with MS VC++ 15.5 (VS2017)

END.
